<?xml version="1.0" encoding="UTF-8"?>
<testng-results ignored="0" total="3" passed="3" failed="0" skipped="0">
  <reporter-output>
  </reporter-output>
  <suite started-at="2024-04-20T16:37:57 IST" name="Suite" finished-at="2024-04-20T16:40:14 IST" duration-ms="136669">
    <groups>
      <group name="cucumber">
        <method signature="AbstractTestNGCucumberTests.runScenario(io.cucumber.testng.PickleWrapper,io.cucumber.testng.FeatureWrapper)[pri:0, instance:com.Hack.testRunner.TestRunner@247310d0]" name="runScenario" class="io.cucumber.testng.AbstractTestNGCucumberTests"/>
      </group> <!-- cucumber -->
    </groups>
    <test started-at="2024-04-20T16:37:57 IST" name="Test" finished-at="2024-04-20T16:40:14 IST" duration-ms="136669">
      <class name="com.Hack.testRunner.TestRunner">
        <test-method is-config="true" signature="setUpClass(org.testng.ITestContext)[pri:0, instance:com.Hack.testRunner.TestRunner@247310d0]" started-at="2024-04-20T16:37:57 IST" name="setUpClass" finished-at="2024-04-20T16:37:59 IST" duration-ms="1881" status="PASS">
          <params>
            <param index="0">
              <value>
                <![CDATA[org.testng.TestRunner@41bbb219]]>
              </value>
            </param>
          </params>
          <reporter-output>
          </reporter-output>
        </test-method> <!-- setUpClass -->
        <test-method signature="runScenario(io.cucumber.testng.PickleWrapper,io.cucumber.testng.FeatureWrapper)[pri:0, instance:com.Hack.testRunner.TestRunner@247310d0]" started-at="2024-04-20T16:37:59 IST" name="runScenario" description="Runs Cucumber Scenarios" data-provider="scenarios" finished-at="2024-04-20T16:38:35 IST" duration-ms="35638" status="PASS">
          <params>
            <param index="0">
              <value>
                <![CDATA["Display the name & price of first three Bookshelves below Rs.15K"]]>
              </value>
            </param>
            <param index="1">
              <value>
                <![CDATA["Print filtered products"]]>
              </value>
            </param>
          </params>
          <reporter-output>
          </reporter-output>
        </test-method> <!-- runScenario -->
        <test-method signature="runScenario(io.cucumber.testng.PickleWrapper,io.cucumber.testng.FeatureWrapper)[pri:0, instance:com.Hack.testRunner.TestRunner@247310d0]" started-at="2024-04-20T16:38:35 IST" name="runScenario" description="Runs Cucumber Scenarios" data-provider="scenarios" finished-at="2024-04-20T16:39:00 IST" duration-ms="25213" status="PASS">
          <params>
            <param index="0">
              <value>
                <![CDATA["Retrieve all sub-menu items under Category Drop Down"]]>
              </value>
            </param>
            <param index="1">
              <value>
                <![CDATA["Print Collections submenu"]]>
              </value>
            </param>
          </params>
          <reporter-output>
          </reporter-output>
        </test-method> <!-- runScenario -->
        <test-method signature="runScenario(io.cucumber.testng.PickleWrapper,io.cucumber.testng.FeatureWrapper)[pri:0, instance:com.Hack.testRunner.TestRunner@247310d0]" started-at="2024-04-20T16:39:00 IST" name="runScenario" description="Runs Cucumber Scenarios" data-provider="scenarios" finished-at="2024-04-20T16:40:07 IST" duration-ms="67258" status="PASS">
          <params>
            <param index="0">
              <value>
                <![CDATA["Customize the gift card with invalid email input"]]>
              </value>
            </param>
            <param index="1">
              <value>
                <![CDATA["Capture error with invalid input"]]>
              </value>
            </param>
          </params>
          <reporter-output>
          </reporter-output>
        </test-method> <!-- runScenario -->
        <test-method is-config="true" signature="tearDownClass()[pri:0, instance:com.Hack.testRunner.TestRunner@247310d0]" started-at="2024-04-20T16:40:07 IST" name="tearDownClass" finished-at="2024-04-20T16:40:14 IST" duration-ms="6585" status="PASS">
          <reporter-output>
          </reporter-output>
        </test-method> <!-- tearDownClass -->
      </class> <!-- com.Hack.testRunner.TestRunner -->
    </test> <!-- Test -->
  </suite> <!-- Suite -->
</testng-results>
